TN:
SF:/home/mauricio/projects/tcproxy/tcproxy-core/src/frame_error.rs
FN:10,from
FN:16,from
FN:24,from
FN:30,from
FN:36,fmt
FNF:5
FNDA:0,from
FNDA:0,from
FNDA:0,from
FNDA:0,from
FNDA:0,fmt
DA:10,0
DA:11,0
DA:16,0
DA:17,0
DA:24,0
DA:25,0
DA:30,0
DA:31,0
DA:36,0
DA:37,0
DA:38,0
DA:39,0
LF:12
LH:0
end_of_record
TN:
SF:/home/mauricio/projects/tcproxy/tcproxy-core/src/tcp.rs
FN:39,{async_block#0}
FN:60,listen_ip
FNF:2
FNDA:30,{async_block#0}
FNDA:6,listen_ip
DA:30,10
DA:34,6
DA:35,5
DA:39,30
DA:40,6
DA:41,0
DA:42,18
DA:43,5
DA:44,25
DA:45,5
DA:47,0
DA:48,0
DA:49,0
DA:50,0
DA:51,0
DA:54,0
DA:60,6
DA:61,6
LF:18
LH:11
end_of_record
TN:
SF:/home/mauricio/projects/tcproxy/tcproxy-core/src/tcp_frame.rs
FN:26,check
FN:71,parse
FN:124,to_buffer
FN:179,fmt
FN:199,check_cursor_size<u16>
FN:207,seek_buffer
FN:223,get_u32
FN:228,get_u128
FN:233,get_u16
FN:238,get_u8
FNF:10
FNDA:5,check
FNDA:5,parse
FNDA:3,to_buffer
FNDA:0,fmt
FNDA:13,check_cursor_size<u16>
FNDA:1,seek_buffer
FNDA:1,get_u32
FNDA:3,get_u128
FNDA:4,get_u16
FNDA:5,get_u8
DA:26,5
DA:27,30
DA:28,10
DA:29,4
DA:30,1
DA:31,1
DA:32,0
DA:34,8
DA:35,4
DA:38,0
DA:39,0
DA:42,6
DA:43,3
DA:46,0
DA:47,0
DA:50,0
DA:51,0
DA:54,2
DA:55,2
DA:56,2
DA:58,1
DA:61,2
DA:62,2
DA:63,2
DA:65,1
DA:67,0
DA:71,5
DA:72,5
DA:73,4
DA:74,1
DA:75,1
DA:76,0
DA:78,8
DA:79,4
DA:82,0
DA:83,0
DA:84,0
DA:87,6
DA:88,3
DA:89,3
DA:92,0
DA:93,0
DA:94,0
DA:97,0
DA:98,0
DA:99,0
DA:102,2
DA:103,2
DA:104,2
DA:106,1
DA:107,1
DA:110,7
DA:111,2
DA:112,2
DA:113,2
DA:115,6
DA:117,1
DA:118,1
DA:120,0
DA:124,3
DA:125,3
DA:127,1
DA:129,8
DA:132,2
DA:135,2
DA:137,4
DA:138,4
DA:139,4
DA:141,0
DA:142,0
DA:143,0
DA:145,3
DA:146,3
DA:147,3
DA:149,0
DA:150,0
DA:151,0
DA:153,0
DA:154,0
DA:155,0
DA:157,1
DA:158,1
DA:159,1
DA:160,1
DA:161,1
DA:163,1
DA:164,1
DA:165,1
DA:166,1
DA:167,1
DA:170,0
DA:179,0
DA:180,0
DA:181,0
DA:182,0
DA:183,0
DA:184,0
DA:185,0
DA:186,0
DA:187,0
DA:188,0
DA:189,0
DA:190,0
DA:191,0
DA:194,0
DA:195,0
DA:199,13
DA:200,13
DA:201,5
DA:204,13
DA:207,1
DA:208,1
DA:209,1
DA:210,0
DA:214,2
DA:215,4
DA:217,0
DA:220,4
DA:223,1
DA:224,1
DA:225,2
DA:228,3
DA:229,3
DA:230,6
DA:233,4
DA:234,4
DA:235,8
DA:238,5
DA:239,10
DA:240,10
LF:130
LH:84
end_of_record
TN:
SF:/home/mauricio/projects/tcproxy/tcproxy-core/src/transport/mod.rs
FN:19,new
FN:28,next
FN:33,write
FN:38,split
FNF:4
FNDA:5,new
FNDA:0,next
FNDA:0,write
FNDA:5,split
DA:19,5
DA:20,5
DA:22,10
DA:23,5
DA:28,0
DA:33,0
DA:38,5
DA:39,5
LF:8
LH:6
end_of_record
TN:
SF:/home/mauricio/projects/tcproxy/tcproxy-core/src/transport/reader.rs
FN:16,new
FN:25,{async_fn#0}
FN:43,{async_fn#0}
FNF:3
FNDA:5,new
FNDA:20,{async_fn#0}
FNDA:20,{async_fn#0}
DA:16,5
DA:19,5
DA:25,20
DA:26,10
DA:27,10
DA:29,10
DA:30,5
DA:32,5
DA:33,5
DA:35,5
DA:37,5
DA:38,0
DA:43,20
DA:44,10
DA:45,20
DA:46,5
DA:54,15
DA:55,0
DA:56,0
DA:57,0
DA:58,0
DA:61,0
LF:22
LH:16
end_of_record
TN:
SF:/home/mauricio/projects/tcproxy/tcproxy-core/src/transport/writer.rs
FN:13,new
FNF:1
FNDA:5,new
DA:13,5
DA:20,5
DA:21,1
DA:22,3
DA:23,2
DA:24,7
DA:26,1
LF:7
LH:7
end_of_record
TN:
SF:/home/mauricio/projects/tcproxy/tcproxy-server/src/args.rs
FN:22,new
FN:30,port
FN:31,ip
FN:32,port_range
FN:34,parse_ip
FN:44,get_socket_addr
FN:48,parse_port_range
FN:60,parse_port_range
FNF:8
FNDA:4,new
FNDA:0,port
FNDA:0,ip
FNDA:0,port_range
FNDA:5,parse_ip
FNDA:5,get_socket_addr
FNDA:6,parse_port_range
FNDA:0,parse_port_range
DA:22,4
DA:25,4
DA:26,4
DA:30,0
DA:31,0
DA:32,0
DA:34,5
DA:35,5
DA:36,5
DA:37,0
DA:38,0
DA:39,0
DA:44,5
DA:45,5
DA:48,6
DA:49,36
DA:51,12
DA:52,12
DA:53,6
DA:55,6
DA:60,0
DA:61,0
DA:62,0
DA:63,0
DA:66,0
DA:67,0
DA:69,0
DA:70,0
DA:73,0
LF:29
LH:14
end_of_record
TN:
SF:/home/mauricio/projects/tcproxy/tcproxy-server/src/commands/client_connected.rs
FN:24,handle
FNF:1
FNDA:24,handle
DA:24,24
DA:25,8
DA:26,4
DA:27,0
DA:28,0
DA:29,0
DA:30,0
DA:35,4
DA:36,8
DA:39,8
DA:40,8
DA:41,8
DA:42,4
DA:45,4
DA:47,4
LF:15
LH:11
end_of_record
TN:
SF:/home/mauricio/projects/tcproxy/tcproxy-server/src/commands/data_packet_client.rs
FN:17,new
FN:29,{async_block#0}
FNF:2
FNDA:1,new
FNDA:6,{async_block#0}
DA:17,1
DA:20,1
DA:21,1
DA:29,6
DA:30,2
DA:31,1
DA:32,0
DA:35,1
DA:36,1
DA:37,1
LF:10
LH:9
end_of_record
TN:
SF:/home/mauricio/projects/tcproxy/tcproxy-server/src/commands/local_client_disconected.rs
FN:15,new
FN:26,handle
FNF:2
FNDA:0,new
FNDA:0,handle
DA:15,0
DA:18,0
DA:26,0
DA:27,0
DA:28,0
DA:31,0
DA:33,0
DA:34,0
DA:35,0
DA:36,0
DA:38,0
DA:39,0
DA:46,0
DA:50,0
LF:14
LH:0
end_of_record
TN:
SF:/home/mauricio/projects/tcproxy/tcproxy-server/src/commands/ping.rs
FN:10,new
FN:20,handle
FNF:2
FNDA:1,new
FNDA:6,handle
DA:10,1
DA:12,1
DA:20,6
DA:21,1
DA:22,1
LF:5
LH:5
end_of_record
TN:
SF:/home/mauricio/projects/tcproxy/tcproxy-server/src/main.rs
FN:10,{async_block#0}
FNF:1
FNDA:0,{async_block#0}
DA:10,0
DA:11,0
DA:13,0
DA:14,0
DA:15,0
DA:16,0
DA:18,0
DA:19,0
DA:20,0
DA:22,0
DA:23,0
LF:11
LH:0
end_of_record
TN:
SF:/home/mauricio/projects/tcproxy/tcproxy-server/src/managers/connections_manager.rs
FN:16,new
FN:22,insert_connection
FN:32,remove_connection
FN:44,get_connection
FNF:4
FNDA:5,new
FNDA:3,insert_connection
FNDA:0,remove_connection
FNDA:1,get_connection
DA:16,5
DA:18,5
DA:22,3
DA:28,6
DA:29,6
DA:32,0
DA:36,0
DA:37,0
DA:38,0
DA:41,0
DA:44,1
DA:48,1
DA:49,2
DA:50,1
DA:52,0
DA:53,0
LF:16
LH:9
end_of_record
TN:
SF:/home/mauricio/projects/tcproxy/tcproxy-server/src/managers/port_manager.rs
FN:16,new
FN:24,remove_port
FN:26,{closure#0}
FN:31,get_port
FNF:4
FNDA:5,new
FNDA:0,remove_port
FNDA:0,{closure#0}
FNDA:16,get_port
DA:16,5
DA:20,5
DA:24,0
DA:25,0
DA:26,0
DA:28,0
DA:31,16
DA:32,8
DA:34,8
DA:35,8
DA:36,4
DA:37,4
DA:38,0
DA:39,0
DA:41,0
DA:42,0
DA:43,0
DA:47,8
DA:48,4
LF:19
LH:10
end_of_record
TN:
SF:/home/mauricio/projects/tcproxy/tcproxy-server/src/proxy/connection.rs
FN:21,new
FN:28,{async_fn#0}
FNF:2
FNDA:5,new
FNDA:21,{async_fn#0}
DA:21,5
DA:28,21
DA:29,10
DA:30,10
DA:32,10
DA:33,10
DA:36,5
DA:37,10
DA:38,5
DA:44,5
DA:47,27
DA:48,10
DA:49,0
DA:51,5
DA:52,0
DA:54,5
DA:55,0
DA:59,0
DA:60,0
LF:19
LH:14
end_of_record
TN:
SF:/home/mauricio/projects/tcproxy/tcproxy-server/src/proxy/proxy_client_reader.rs
FN:23,start_reading
FN:24,{async_block#0}
FN:30,{async_fn#0}
FNF:3
FNDA:5,start_reading
FNDA:15,{async_block#0}
FNDA:21,{async_fn#0}
DA:23,5
DA:24,15
DA:25,15
DA:26,0
DA:30,21
DA:31,6
DA:32,21
DA:33,5
DA:34,5
DA:36,0
DA:41,25
DA:42,6
DA:43,2
DA:44,0
DA:45,0
DA:47,1
DA:48,2
DA:51,8
DA:52,4
DA:53,8
DA:54,8
DA:55,4
DA:59,0
DA:64,2
DA:67,0
LF:25
LH:19
end_of_record
TN:
SF:/home/mauricio/projects/tcproxy/tcproxy-server/src/proxy/proxy_client_writer.rs
FN:16,start_writing
FN:17,{async_block#0}
FN:24,start
FNF:3
FNDA:5,start_writing
FNDA:15,{async_block#0}
FNDA:20,start
DA:16,5
DA:17,15
DA:18,11
DA:19,0
DA:20,0
DA:24,20
DA:25,6
DA:26,29
DA:27,7
DA:28,1
DA:29,1
DA:30,2
DA:33,0
DA:38,5
DA:39,0
DA:40,0
DA:45,0
LF:17
LH:11
end_of_record
TN:
SF:/home/mauricio/projects/tcproxy/tcproxy-server/src/proxy/proxy_server.rs
FN:29,spawn
FN:30,{async_block#0}
FN:45,accept_connection
FN:57,start
FNF:4
FNDA:4,spawn
FNDA:12,{async_block#0}
FNDA:17,accept_connection
FNDA:16,start
DA:29,4
DA:30,12
DA:33,8
DA:34,14
DA:35,4
DA:36,4
DA:39,0
DA:40,0
DA:41,0
DA:45,17
DA:46,10
DA:47,2
DA:48,0
DA:49,0
DA:50,0
DA:51,0
DA:52,0
DA:57,16
DA:58,16
DA:60,20
DA:61,4
DA:63,4
DA:64,3
DA:65,12
DA:66,14
DA:68,15
DA:69,0
DA:73,3
DA:74,3
DA:76,6
DA:77,15
DA:78,12
DA:79,0
DA:81,6
DA:82,6
LF:35
LH:25
end_of_record
TN:
SF:/home/mauricio/projects/tcproxy/tcproxy-server/src/server.rs
FN:21,new
FN:28,run<core::future::from_generator::GenFuture<tokio::signal::ctrl_c::ctrl_c::{async_fn_env#0}>>
FN:41,get_listen_ip
FN:45,start
FN:56,{async_block#0}
FNF:5
FNDA:6,new
FNDA:24,run<core::future::from_generator::GenFuture<tokio::signal::ctrl_c::ctrl_c::{async_fn_env#0}>>
FNDA:0,get_listen_ip
FNDA:24,start
FNDA:15,{async_block#0}
DA:21,6
DA:23,6
DA:28,24
DA:29,12
DA:30,42
DA:31,6
DA:32,6
DA:33,0
DA:34,0
DA:38,0
DA:41,0
DA:42,0
DA:45,24
DA:46,12
DA:47,12
DA:49,17
DA:50,12
DA:52,10
DA:53,10
DA:54,10
DA:56,15
DA:57,10
DA:58,0
DA:59,0
DA:64,0
LF:25
LH:17
end_of_record
TN:
SF:/home/mauricio/projects/tcproxy/tcproxy-server/src/state/proxy_state.rs
FN:13,new
FNF:1
FNDA:5,new
DA:13,5
DA:15,5
DA:16,10
LF:3
LH:3
end_of_record
TN:
SF:/home/mauricio/projects/tcproxy/tcproxy-server/src/tcp/connection.rs
FN:24,new
FN:38,spawn
FN:39,{async_block#0}
FN:45,{async_fn#0}
FNF:4
FNDA:3,new
FNDA:3,spawn
FNDA:9,{async_block#0}
FNDA:13,{async_fn#0}
DA:24,3
DA:34,3
DA:38,3
DA:39,9
DA:40,6
DA:41,0
DA:45,13
DA:46,6
DA:48,6
DA:50,6
DA:51,6
DA:53,13
DA:54,3
DA:55,3
DA:58,0
DA:62,0
DA:64,0
DA:65,0
DA:67,0
DA:69,0
LF:20
LH:13
end_of_record
TN:
SF:/home/mauricio/projects/tcproxy/tcproxy-server/src/tcp/connection_reader.rs
FN:22,call
FN:32,read_buf
FN:38,new
FN:44,new<tcproxy_server::tcp::connection_reader::DefaultStreamReader>
FN:55,spawn
FN:65,start
FNF:6
FNDA:1,call
FNDA:16,read_buf
FNDA:3,new
FNDA:4,new<tcproxy_server::tcp::connection_reader::DefaultStreamReader>
FNDA:4,spawn
FNDA:17,start
DA:22,1
DA:32,16
DA:33,4
DA:38,3
DA:44,4
DA:49,5
DA:51,4
DA:55,4
DA:56,12
DA:57,9
DA:58,1
DA:59,1
DA:60,0
DA:65,17
DA:66,6
DA:67,4
DA:68,14
DA:69,2
DA:70,0
DA:71,0
DA:76,0
DA:80,2
DA:81,6
DA:88,2
DA:89,2
DA:91,2
DA:96,4
DA:98,0
DA:99,0
DA:100,0
DA:105,6
DA:106,1
LF:32
LH:25
end_of_record
TN:
SF:/home/mauricio/projects/tcproxy/tcproxy-server/src/tcp/connection_writer.rs
FN:17,new
FN:29,spawn
FN:36,start
FNF:3
FNDA:3,new
FNDA:3,spawn
FNDA:12,start
DA:17,3
DA:29,3
DA:30,9
DA:31,7
DA:32,0
DA:36,12
DA:37,15
DA:38,1
DA:39,3
DA:40,1
DA:41,7
DA:43,0
DA:44,0
DA:49,2
DA:52,0
DA:53,0
LF:16
LH:11
end_of_record
TN:
SF:/home/mauricio/projects/tcproxy/tcproxy-server/src/tests/utils.rs
FN:3,generate_random_buffer
FN:7,{closure#0}
FNF:2
FNDA:1,generate_random_buffer
FNDA:2,{closure#0}
DA:3,1
DA:4,1
DA:6,2
DA:7,2
DA:8,1
DA:9,1
LF:6
LH:6
end_of_record
TN:
SF:/home/mauricio/projects/tcproxy/tcproxy-server/tests/server.rs
FN:22,{closure#0}
FN:33,{closure#0}
FN:54,{closure#0}
FN:75,{closure#0}
FN:106,{closure#0}
FN:147,{closure#0}
FN:186,{async_fn#0}
FN:192,{async_fn#0}
FN:200,{async_fn#0}
FN:230,{async_fn#0}
FN:237,{async_block#0}
FN:245,generate_random_buffer
FN:249,{closure#0}
FNF:13
FNDA:6,{closure#0}
FNDA:6,{closure#0}
FNDA:6,{closure#0}
FNDA:6,{closure#0}
FNDA:6,{closure#0}
FNDA:6,{closure#0}
FNDA:10,{async_fn#0}
FNDA:15,{async_fn#0}
FNDA:20,{async_fn#0}
FNDA:15,{async_fn#0}
FNDA:21,{async_block#0}
FNDA:1,generate_random_buffer
FNDA:4,{closure#0}
DA:22,6
DA:23,3
DA:24,1
DA:26,2
DA:27,6
DA:33,6
DA:34,2
DA:36,3
DA:37,4
DA:38,2
DA:40,1
DA:41,1
DA:42,1
DA:44,3
DA:45,2
DA:47,3
DA:48,2
DA:49,6
DA:54,6
DA:55,2
DA:57,3
DA:58,4
DA:59,2
DA:61,1
DA:62,1
DA:63,1
DA:65,3
DA:66,2
DA:68,3
DA:69,2
DA:70,6
DA:75,6
DA:78,2
DA:79,3
DA:80,4
DA:81,2
DA:83,1
DA:84,1
DA:85,1
DA:87,3
DA:89,3
DA:90,1
DA:92,2
DA:93,2
DA:94,1
DA:96,3
DA:97,2
DA:99,3
DA:100,2
DA:101,6
DA:106,6
DA:108,2
DA:110,3
DA:111,3
DA:112,3
DA:114,3
DA:115,1
DA:117,2
DA:118,2
DA:119,1
DA:121,4
DA:122,2
DA:124,4
DA:125,2
DA:126,2
DA:128,1
DA:129,1
DA:131,3
DA:133,3
DA:134,1
DA:135,1
DA:138,1
DA:140,2
DA:141,6
DA:147,6
DA:148,2
DA:150,3
DA:151,3
DA:152,3
DA:154,1
DA:155,4
DA:156,1
DA:159,1
DA:160,1
DA:162,3
DA:163,1
DA:164,4
DA:165,1
DA:167,2
DA:170,2
DA:171,1
DA:174,2
DA:176,1
DA:177,3
DA:179,2
DA:180,2
DA:182,5
DA:186,10
DA:187,4
DA:188,2
DA:192,15
DA:193,22
DA:194,7
DA:195,5
DA:200,20
DA:201,5
DA:202,11
DA:203,1
DA:204,0
DA:207,1
DA:208,0
DA:211,1
DA:212,1
DA:214,2
DA:215,1
DA:217,1
DA:218,1
DA:220,1
DA:225,0
DA:230,15
DA:231,9
DA:232,10
DA:233,12
DA:235,6
DA:237,21
DA:238,17
DA:239,0
DA:242,6
DA:245,1
DA:246,1
DA:248,4
DA:249,4
DA:250,1
DA:251,2
LF:134
LH:130
end_of_record
